[debug] [2025-12-02T14:32:13.616Z] ----------------------------------------------------------------------
[debug] [2025-12-02T14:32:13.619Z] Command:       C:\Program Files\nodejs\node.exe C:\Users\james\AppData\Roaming\npm\node_modules\firebase-tools\lib\bin\firebase.js functions:list --project sailingrathmullan --debug
[debug] [2025-12-02T14:32:13.619Z] CLI Version:   14.26.0
[debug] [2025-12-02T14:32:13.619Z] Platform:      win32
[debug] [2025-12-02T14:32:13.620Z] Node Version:  v24.11.1
[debug] [2025-12-02T14:32:13.620Z] Time:          Tue Dec 02 2025 14:32:13 GMT+0000 (Greenwich Mean Time)
[debug] [2025-12-02T14:32:13.620Z] ----------------------------------------------------------------------
[debug] 
[debug] [2025-12-02T14:32:13.779Z] > command requires scopes: ["email","openid","https://www.googleapis.com/auth/cloudplatformprojects.readonly","https://www.googleapis.com/auth/firebase","https://www.googleapis.com/auth/cloud-platform"]
[debug] [2025-12-02T14:32:13.780Z] > authorizing via signed-in user (jamescassidylk@gmail.com)
[debug] [2025-12-02T14:32:13.781Z] [iam] checking project sailingrathmullan for permissions ["cloudfunctions.functions.list","firebase.projects.get"]
[debug] [2025-12-02T14:32:13.783Z] Checked if tokens are valid: true, expires at: 1764688375973
[debug] [2025-12-02T14:32:13.783Z] Checked if tokens are valid: true, expires at: 1764688375973
[debug] [2025-12-02T14:32:13.785Z] >>> [apiv2][query] POST https://cloudresourcemanager.googleapis.com/v1/projects/sailingrathmullan:testIamPermissions [none]
[debug] [2025-12-02T14:32:13.785Z] >>> [apiv2][(partial)header] POST https://cloudresourcemanager.googleapis.com/v1/projects/sailingrathmullan:testIamPermissions x-goog-quota-user=projects/sailingrathmullan
[debug] [2025-12-02T14:32:13.786Z] >>> [apiv2][body] POST https://cloudresourcemanager.googleapis.com/v1/projects/sailingrathmullan:testIamPermissions {"permissions":["cloudfunctions.functions.list","firebase.projects.get"]}
[debug] [2025-12-02T14:32:14.496Z] <<< [apiv2][status] POST https://cloudresourcemanager.googleapis.com/v1/projects/sailingrathmullan:testIamPermissions 200
[debug] [2025-12-02T14:32:14.497Z] <<< [apiv2][body] POST https://cloudresourcemanager.googleapis.com/v1/projects/sailingrathmullan:testIamPermissions {"permissions":["cloudfunctions.functions.list","firebase.projects.get"]}
[debug] [2025-12-02T14:32:14.498Z] Checked if tokens are valid: true, expires at: 1764688375973
[debug] [2025-12-02T14:32:14.499Z] Checked if tokens are valid: true, expires at: 1764688375973
[debug] [2025-12-02T14:32:14.500Z] >>> [apiv2][query] GET https://cloudfunctions.googleapis.com/v1/projects/sailingrathmullan/locations/-/functions [none]
[debug] [2025-12-02T14:32:14.577Z] <<< [apiv2][status] GET https://cloudfunctions.googleapis.com/v1/projects/sailingrathmullan/locations/-/functions 403
[debug] [2025-12-02T14:32:14.578Z] <<< [apiv2][body] GET https://cloudfunctions.googleapis.com/v1/projects/sailingrathmullan/locations/-/functions {"error":{"code":403,"message":"Cloud Functions API has not been used in project sailingrathmullan before or it is disabled. Enable it by visiting https://console.developers.google.com/apis/api/cloudfunctions.googleapis.com/overview?project=sailingrathmullan then retry. If you enabled this API recently, wait a few minutes for the action to propagate to our systems and retry.","status":"PERMISSION_DENIED","details":[{"@type":"type.googleapis.com/google.rpc.ErrorInfo","reason":"SERVICE_DISABLED","domain":"googleapis.com","metadata":{"service":"cloudfunctions.googleapis.com","containerInfo":"sailingrathmullan","serviceTitle":"Cloud Functions API","activationUrl":"https://console.developers.google.com/apis/api/cloudfunctions.googleapis.com/overview?project=sailingrathmullan","consumer":"projects/sailingrathmullan"}},{"@type":"type.googleapis.com/google.rpc.LocalizedMessage","locale":"en-US","message":"Cloud Functions API has not been used in project sailingrathmullan before or it is disabled. Enable it by visiting https://console.developers.google.com/apis/api/cloudfunctions.googleapis.com/overview?project=sailingrathmullan then retry. If you enabled this API recently, wait a few minutes for the action to propagate to our systems and retry."},{"@type":"type.googleapis.com/google.rpc.Help","links":[{"description":"Google developers console API activation","url":"https://console.developers.google.com/apis/api/cloudfunctions.googleapis.com/overview?project=sailingrathmullan"}]}]}}
[debug] [2025-12-02T14:32:14.579Z] [functions] failed to list functions for sailingrathmullan
[debug] [2025-12-02T14:32:14.579Z] [functions] Request to https://cloudfunctions.googleapis.com/v1/projects/sailingrathmullan/locations/-/functions had HTTP Error: 403, Cloud Functions API has not been used in project sailingrathmullan before or it is disabled. Enable it by visiting https://console.developers.google.com/apis/api/cloudfunctions.googleapis.com/overview?project=sailingrathmullan then retry. If you enabled this API recently, wait a few minutes for the action to propagate to our systems and retry.
[debug] [2025-12-02T14:32:14.616Z] FirebaseError: Request to https://cloudfunctions.googleapis.com/v1/projects/sailingrathmullan/locations/-/functions had HTTP Error: 403, Cloud Functions API has not been used in project sailingrathmullan before or it is disabled. Enable it by visiting https://console.developers.google.com/apis/api/cloudfunctions.googleapis.com/overview?project=sailingrathmullan then retry. If you enabled this API recently, wait a few minutes for the action to propagate to our systems and retry.
    at responseToError (C:\Users\james\AppData\Roaming\npm\node_modules\firebase-tools\lib\responseToError.js:53:12)
    at RetryOperation._fn (C:\Users\james\AppData\Roaming\npm\node_modules\firebase-tools\lib\apiv2.js:322:77)
    at process.processTicksAndRejections (node:internal/process/task_queues:103:5)
[error] 
[error] Error: Failed to list functions for sailingrathmullan
